[2019-09-02 18:45:32.268] [exthost] [info] extension host started
[2019-09-02 18:45:32.291] [exthost] [info] extension host started
[2019-09-02 18:45:32.311] [exthost] [info] ExtensionService#_doActivateExtension christian-kohler.path-intellisense {"startup":true,"activationEvent":"*"}
[2019-09-02 18:45:32.311] [exthost] [info] ExtensionService#loadCommonJSModule D:\eclipse\plugins\com.genuitec.eclipse.code.extensions.core.win32.x86_64_3.4.0.201908201454\extensions\christian-kohler.path-intellisense-1.4.2\out\src\extension
[2019-09-02 18:45:32.426] [exthost] [info] ExtensionService#_doActivateExtension dbaeumer.vscode-eslint {"startup":true,"activationEvent":"*"}
[2019-09-02 18:45:32.426] [exthost] [info] ExtensionService#loadCommonJSModule D:\eclipse\plugins\com.genuitec.eclipse.code.extensions.core.win32.x86_64_3.4.0.201908201454\extensions\dbaeumer.vscode-eslint-1.9.0\client\out\extension
[2019-09-02 18:45:32.480] [exthost] [info] ExtensionService#_doActivateExtension vscode.debug-auto-launch {"startup":true,"activationEvent":"*"}
[2019-09-02 18:45:32.480] [exthost] [info] ExtensionService#loadCommonJSModule d:\eclipse\plugins\com.genuitec.eclipse.code.engine.app.win32.x86_64_3.4.0.201908201543\engine\resources\app\extensions\debug-auto-launch\dist\extension
[2019-09-02 18:45:32.532] [exthost] [info] ExtensionService#_doActivateExtension vscode.emmet {"startup":true,"activationEvent":"*"}
[2019-09-02 18:45:32.532] [exthost] [info] ExtensionService#loadCommonJSModule d:\eclipse\plugins\com.genuitec.eclipse.code.engine.app.win32.x86_64_3.4.0.201908201543\engine\resources\app\extensions\emmet\dist\extension
[2019-09-02 18:45:32.561] [exthost] [info] ExtensionService#_doActivateExtension formulahendry.auto-close-tag {"startup":true,"activationEvent":"*"}
[2019-09-02 18:45:32.561] [exthost] [info] ExtensionService#loadCommonJSModule D:\eclipse\plugins\com.genuitec.eclipse.code.extensions.core.win32.x86_64_3.4.0.201908201454\extensions\formulahendry.auto-close-tag-0.5.6\out\src\extension
[2019-09-02 18:45:32.563] [exthost] [info] ExtensionService#_doActivateExtension HookyQR.beautify {"startup":true,"activationEvent":"*"}
[2019-09-02 18:45:32.563] [exthost] [info] ExtensionService#loadCommonJSModule D:\eclipse\plugins\com.genuitec.eclipse.code.extensions.core.win32.x86_64_3.4.0.201908201454\extensions\hookyqr.beautify-1.4.11\extension
[2019-09-02 18:45:32.822] [exthost] [info] ExtensionService#_doActivateExtension vscode.configuration-editing {"startup":false,"activationEvent":"onLanguage:jsonc"}
[2019-09-02 18:45:32.822] [exthost] [info] ExtensionService#loadCommonJSModule d:\eclipse\plugins\com.genuitec.eclipse.code.engine.app.win32.x86_64_3.4.0.201908201543\engine\resources\app\extensions\configuration-editing\dist\extension
[2019-09-02 18:45:32.843] [exthost] [info] ExtensionService#_doActivateExtension vscode.json-language-features {"startup":false,"activationEvent":"onLanguage:jsonc"}
[2019-09-02 18:45:32.843] [exthost] [info] ExtensionService#loadCommonJSModule d:\eclipse\plugins\com.genuitec.eclipse.code.engine.app.win32.x86_64_3.4.0.201908201543\engine\resources\app\extensions\json-language-features\client\dist\jsonMain
[2019-09-02 18:45:32.920] [exthost] [info] ExtensionService#_doActivateExtension vscode.typescript-language-features {"startup":false,"activationEvent":"onLanguage:jsonc"}
[2019-09-02 18:45:32.920] [exthost] [info] ExtensionService#loadCommonJSModule d:\eclipse\plugins\com.genuitec.eclipse.code.engine.app.win32.x86_64_3.4.0.201908201543\engine\resources\app\extensions\typescript-language-features\dist\extension
[2019-09-02 18:45:33.028] [exthost] [info] ExtensionService#_doActivateExtension vscode.grunt {"startup":false,"activationEvent":"onCommand:workbench.action.tasks.runTask"}
[2019-09-02 18:45:33.028] [exthost] [info] ExtensionService#loadCommonJSModule d:\eclipse\plugins\com.genuitec.eclipse.code.engine.app.win32.x86_64_3.4.0.201908201543\engine\resources\app\extensions\grunt\dist\main
[2019-09-02 18:45:33.041] [exthost] [info] ExtensionService#_doActivateExtension vscode.gulp {"startup":false,"activationEvent":"onCommand:workbench.action.tasks.runTask"}
[2019-09-02 18:45:33.041] [exthost] [info] ExtensionService#loadCommonJSModule d:\eclipse\plugins\com.genuitec.eclipse.code.engine.app.win32.x86_64_3.4.0.201908201543\engine\resources\app\extensions\gulp\dist\main
[2019-09-02 18:45:33.073] [exthost] [info] ExtensionService#_doActivateExtension vscode.jake {"startup":false,"activationEvent":"onCommand:workbench.action.tasks.runTask"}
[2019-09-02 18:45:33.073] [exthost] [info] ExtensionService#loadCommonJSModule d:\eclipse\plugins\com.genuitec.eclipse.code.engine.app.win32.x86_64_3.4.0.201908201543\engine\resources\app\extensions\jake\dist\main
[2019-09-02 18:45:33.095] [exthost] [info] ExtensionService#_doActivateExtension vscode.npm {"startup":false,"activationEvent":"onCommand:workbench.action.tasks.runTask"}
[2019-09-02 18:45:33.095] [exthost] [info] ExtensionService#loadCommonJSModule d:\eclipse\plugins\com.genuitec.eclipse.code.engine.app.win32.x86_64_3.4.0.201908201543\engine\resources\app\extensions\npm\dist\main
[2019-09-02 18:45:33.138] [exthost] [info] eager extensions activated
